2025-04-06 01:57:39 [TestNG-PoolService-4] INFO : Scenario is passed:Login to application using invalid username and Password 4
2025-04-06 01:57:39 [TestNG-PoolService-5] INFO : Scenario is passed:Login to application using invalid username and Password 5
2025-04-06 01:57:39 [TestNG-PoolService-3] INFO : Scenario is passed:Login to application using invalid username and Password 3
2025-04-06 01:57:39 [TestNG-PoolService-4] INFO : In this we are quiting webdriver
2025-04-06 01:57:39 [TestNG-PoolService-5] INFO : In this we are quiting webdriver
2025-04-06 01:57:39 [TestNG-PoolService-3] INFO : In this we are quiting webdriver
2025-04-06 01:59:34 [main] INFO : [TestNG] Running:
  C:\Users\admin\AppData\Local\JetBrains\IdeaIC2024.2\temp-testng-customsuite.xml

2025-04-06 01:59:34 [main] WARN : The test method 'io.cucumber.testng.AbstractTestNGCucumberTests.runScenario' will be skipped since its data provider 'scenarios' returned an empty array or iterator. 
2025-04-06 02:03:08 [main] INFO : [TestNG] Running:
  C:\Users\admin\AppData\Local\JetBrains\IdeaIC2024.2\temp-testng-customsuite.xml

2025-04-06 02:03:09 [main] WARN : The test method 'io.cucumber.testng.AbstractTestNGCucumberTests.runScenario' will be skipped since its data provider 'scenarios' returned an empty array or iterator. 
2025-04-06 02:03:28 [main] INFO : [TestNG] Running:
  C:\Users\admin\AppData\Local\JetBrains\IdeaIC2024.2\temp-testng-customsuite.xml

2025-04-06 02:03:29 [main] WARN : The test method 'io.cucumber.testng.AbstractTestNGCucumberTests.runScenario' will be skipped since its data provider 'scenarios' returned an empty array or iterator. 
2025-04-06 02:04:01 [main] INFO : [TestNG] Running:
  C:\Users\admin\AppData\Local\JetBrains\IdeaIC2024.2\temp-testng-customsuite.xml

2025-04-06 02:04:02 [TestNG-PoolService-4] INFO : Base class initiated
2025-04-06 02:04:02 [TestNG-PoolService-5] INFO : Base class initiated
2025-04-06 02:04:02 [TestNG-PoolService-2] INFO : Base class initiated
2025-04-06 02:04:02 [TestNG-PoolService-1] INFO : Base class initiated
2025-04-06 02:04:02 [TestNG-PoolService-3] INFO : Base class initiated
2025-04-06 02:04:02 [TestNG-PoolService-5] INFO : in this function we are getting webdriver
2025-04-06 02:04:02 [TestNG-PoolService-4] INFO : in this function we are getting webdriver
2025-04-06 02:04:02 [TestNG-PoolService-2] INFO : in this function we are getting webdriver
2025-04-06 02:04:02 [TestNG-PoolService-3] INFO : in this function we are getting webdriver
2025-04-06 02:04:02 [TestNG-PoolService-1] INFO : in this function we are getting webdriver
2025-04-06 02:04:03 [TestNG-PoolService-2] INFO : in this function we are initiating webdriver
2025-04-06 02:04:03 [TestNG-PoolService-3] INFO : in this function we are initiating webdriver
2025-04-06 02:04:03 [TestNG-PoolService-4] INFO : in this function we are initiating webdriver
2025-04-06 02:04:02 [TestNG-PoolService-5] INFO : in this function we are initiating webdriver
2025-04-06 02:04:03 [TestNG-PoolService-1] INFO : in this function we are initiating webdriver
2025-04-06 02:04:06 [TestNG-PoolService-4] INFO : in this function we are getting webdriver
2025-04-06 02:04:06 [TestNG-PoolService-3] INFO : in this function we are getting webdriver
2025-04-06 02:04:06 [TestNG-PoolService-1] INFO : in this function we are getting webdriver
2025-04-06 02:04:06 [TestNG-PoolService-2] INFO : in this function we are getting webdriver
2025-04-06 02:04:06 [TestNG-PoolService-5] INFO : in this function we are getting webdriver
2025-04-06 02:04:08 [TestNG-PoolService-1] INFO : open cart application launched successfully
2025-04-06 02:04:08 [TestNG-PoolService-4] INFO : open cart application launched successfully
2025-04-06 02:04:08 [TestNG-PoolService-5] INFO : open cart application launched successfully
2025-04-06 02:04:09 [TestNG-PoolService-2] INFO : open cart application launched successfully
2025-04-06 02:04:09 [TestNG-PoolService-3] INFO : open cart application launched successfully
2025-04-06 02:04:10 [TestNG-PoolService-1] INFO : i am able to  click on login button
