2025-04-07 13:39:19 [main] INFO : i am able to  click on login button
2025-04-07 13:39:19 [main] INFO : Scenario is passed:User login with different credentials
2025-04-07 13:39:19 [main] INFO : In this we are quiting webdriver
2025-04-07 13:39:19 [main] INFO : Base class initiated
2025-04-07 13:39:19 [main] INFO : in this function we are getting webdriver
2025-04-07 13:39:19 [main] INFO : in this function we are initiating webdriver
2025-04-07 13:39:21 [main] INFO : in this function we are getting webdriver
2025-04-07 13:39:24 [main] INFO : open cart application launched successfully
2025-04-07 13:39:24 [main] INFO : i am able to  click on login button
2025-04-07 13:39:24 [main] INFO : Scenario is passed:User login with different credentials
2025-04-07 13:39:24 [main] INFO : In this we are quiting webdriver
2025-04-07 14:51:28 [main] INFO : Base class initiated
2025-04-07 14:51:28 [main] INFO : in this function we are getting webdriver
2025-04-07 14:51:28 [main] INFO : in this function we are initiating webdriver
2025-04-07 14:51:29 [main] INFO : in this function we are getting webdriver
2025-04-07 14:51:31 [main] INFO : open cart application launched successfully
2025-04-07 14:51:31 [main] INFO : i am able to  click on login button
2025-04-07 14:51:31 [main] INFO : Scenario is passed:User login with different credentials
2025-04-07 14:51:31 [main] INFO : In this we are quiting webdriver
2025-04-07 14:51:32 [main] INFO : Base class initiated
2025-04-07 14:51:32 [main] INFO : in this function we are getting webdriver
2025-04-07 14:51:32 [main] INFO : in this function we are initiating webdriver
2025-04-07 14:51:33 [main] INFO : in this function we are getting webdriver
2025-04-07 14:51:34 [main] INFO : open cart application launched successfully
2025-04-07 14:51:35 [main] INFO : i am able to  click on login button
2025-04-07 14:51:35 [main] INFO : Scenario is passed:User login with different credentials
2025-04-07 14:51:35 [main] INFO : In this we are quiting webdriver
2025-04-07 14:51:35 [main] INFO : Base class initiated
2025-04-07 14:51:35 [main] INFO : in this function we are getting webdriver
2025-04-07 14:51:35 [main] INFO : in this function we are initiating webdriver
2025-04-07 14:51:36 [main] INFO : in this function we are getting webdriver
2025-04-07 14:51:38 [main] INFO : open cart application launched successfully
2025-04-07 14:51:38 [main] INFO : i am able to  click on login button
2025-04-07 14:51:38 [main] INFO : Scenario is passed:User login with different credentials
2025-04-07 14:51:38 [main] INFO : In this we are quiting webdriver
2025-04-07 14:58:14 [main] INFO : Base class initiated
2025-04-07 14:58:14 [main] INFO : in this function we are getting webdriver
2025-04-07 14:58:14 [main] INFO : in this function we are initiating webdriver
2025-04-07 14:58:15 [main] INFO : in this function we are getting webdriver
2025-04-07 14:58:17 [main] INFO : open cart application launched successfully
2025-04-07 14:58:17 [main] INFO : i am able to  click on login button
2025-04-07 14:58:17 [main] INFO : Scenario is passed:User login with different credentials
2025-04-07 14:58:17 [main] INFO : In this we are quiting webdriver
2025-04-07 14:58:18 [main] INFO : Base class initiated
2025-04-07 14:58:18 [main] INFO : in this function we are getting webdriver
2025-04-07 14:58:18 [main] INFO : in this function we are initiating webdriver
2025-04-07 14:58:19 [main] INFO : in this function we are getting webdriver
2025-04-07 14:58:19 [main] INFO : open cart application launched successfully
2025-04-07 14:58:20 [main] INFO : i am able to  click on login button
2025-04-07 14:58:20 [main] INFO : Scenario is passed:User login with different credentials
2025-04-07 14:58:20 [main] INFO : In this we are quiting webdriver
2025-04-07 14:58:20 [main] INFO : Base class initiated
2025-04-07 14:58:20 [main] INFO : in this function we are getting webdriver
2025-04-07 14:58:20 [main] INFO : in this function we are initiating webdriver
2025-04-07 14:58:21 [main] INFO : in this function we are getting webdriver
