2025-04-07 14:58:21 [main] INFO : open cart application launched successfully
2025-04-07 14:58:22 [main] INFO : i am able to  click on login button
2025-04-07 14:58:22 [main] INFO : Scenario is passed:User login with different credentials
2025-04-07 14:58:22 [main] INFO : In this we are quiting webdriver
2025-04-07 14:59:21 [main] INFO : Base class initiated
2025-04-07 14:59:21 [main] INFO : in this function we are getting webdriver
2025-04-07 14:59:21 [main] INFO : in this function we are initiating webdriver
2025-04-07 14:59:23 [main] INFO : in this function we are getting webdriver
2025-04-07 14:59:24 [main] INFO : open cart application launched successfully
2025-04-07 14:59:24 [main] INFO : i am able to  click on login button
2025-04-07 14:59:24 [main] INFO : Scenario is passed:User login with different credentials
2025-04-07 14:59:24 [main] INFO : In this we are quiting webdriver
2025-04-07 14:59:25 [main] INFO : Base class initiated
2025-04-07 14:59:25 [main] INFO : in this function we are getting webdriver
2025-04-07 14:59:25 [main] INFO : in this function we are initiating webdriver
2025-04-07 14:59:25 [main] INFO : in this function we are getting webdriver
2025-04-07 14:59:26 [main] INFO : open cart application launched successfully
2025-04-07 14:59:26 [main] INFO : i am able to  click on login button
2025-04-07 14:59:26 [main] INFO : Scenario is passed:User login with different credentials
2025-04-07 14:59:26 [main] INFO : In this we are quiting webdriver
2025-04-07 14:59:27 [main] INFO : Base class initiated
2025-04-07 14:59:27 [main] INFO : in this function we are getting webdriver
2025-04-07 14:59:27 [main] INFO : in this function we are initiating webdriver
2025-04-07 14:59:28 [main] INFO : in this function we are getting webdriver
2025-04-07 14:59:29 [main] INFO : open cart application launched successfully
2025-04-07 14:59:29 [main] INFO : i am able to  click on login button
2025-04-07 14:59:29 [main] INFO : Scenario is passed:User login with different credentials
2025-04-07 14:59:29 [main] INFO : In this we are quiting webdriver
2025-04-07 15:11:59 [main] INFO : Base class initiated
2025-04-07 15:11:59 [main] INFO : in this function we are getting webdriver
2025-04-07 15:11:59 [main] INFO : in this function we are initiating webdriver
2025-04-07 15:12:00 [main] INFO : in this function we are getting webdriver
2025-04-07 15:12:01 [main] INFO : open cart application launched successfully
2025-04-07 15:12:01 [main] INFO : i am able to  click on login button
2025-04-07 15:12:01 [main] INFO : Scenario is passed:User login with different credentials
2025-04-07 15:12:01 [main] INFO : In this we are quiting webdriver
2025-04-07 15:12:01 [main] INFO : Base class initiated
2025-04-07 15:12:01 [main] INFO : in this function we are getting webdriver
2025-04-07 15:12:01 [main] INFO : in this function we are initiating webdriver
2025-04-07 15:12:02 [main] INFO : in this function we are getting webdriver
2025-04-07 15:12:04 [main] INFO : open cart application launched successfully
2025-04-07 15:12:04 [main] INFO : i am able to  click on login button
2025-04-07 15:12:04 [main] INFO : Scenario is passed:User login with different credentials
2025-04-07 15:12:04 [main] INFO : In this we are quiting webdriver
2025-04-07 15:12:05 [main] INFO : Base class initiated
2025-04-07 15:12:05 [main] INFO : in this function we are getting webdriver
2025-04-07 15:12:05 [main] INFO : in this function we are initiating webdriver
2025-04-07 15:12:06 [main] INFO : in this function we are getting webdriver
2025-04-07 15:12:07 [main] INFO : open cart application launched successfully
2025-04-07 15:12:08 [main] INFO : i am able to  click on login button
2025-04-07 15:12:08 [main] INFO : Scenario is passed:User login with different credentials
2025-04-07 15:12:08 [main] INFO : In this we are quiting webdriver
2025-04-07 15:16:05 [main] INFO : Base class initiated
2025-04-07 15:16:05 [main] INFO : in this function we are getting webdriver
2025-04-07 15:16:05 [main] INFO : in this function we are initiating webdriver
