2025-04-03 20:50:35 [main] INFO : Base class initiated
2025-04-03 20:50:35 [main] INFO : in this function we are getting webdriver
2025-04-03 20:50:35 [main] INFO : in this function we are initiating webdriver
2025-04-03 20:50:38 [main] INFO : in this function we are getting webdriver
2025-04-03 20:50:39 [main] INFO : open cart application launched successfully
2025-04-03 20:50:40 [main] INFO : i am able to  click on login button
2025-04-03 20:50:40 [main] INFO : i am able to enter email
2025-04-03 20:50:40 [main] INFO :  i am able to enter password
2025-04-03 20:50:41 [main] INFO : we are verifying login is sucess or not
2025-04-03 20:50:41 [main] INFO : in this functio we are verifying the myaccounts page opened or not
2025-04-03 20:50:51 [main] ERROR: test scenario failed:Login to application using valid username and Password
2025-04-03 20:50:51 [main] INFO : in this function we are getting webdriver
2025-04-03 20:50:51 [main] INFO : in this function we are getting webdriver
2025-04-03 20:50:51 [main] INFO : In this we are quiting webdriver
2025-04-03 21:01:40 [main] INFO : Base class initiated
2025-04-03 21:01:40 [main] INFO : in this function we are getting webdriver
2025-04-03 21:01:40 [main] INFO : in this function we are initiating webdriver
2025-04-03 21:01:42 [main] INFO : in this function we are getting webdriver
2025-04-03 21:01:44 [main] INFO : open cart application launched successfully
2025-04-03 21:01:44 [main] INFO : i am able to  click on login button
2025-04-03 21:01:44 [main] INFO : i am able to enter email
2025-04-03 21:01:44 [main] INFO :  i am able to enter password
2025-04-03 21:01:45 [main] INFO : we are verifying login is sucess or not
2025-04-03 21:01:45 [main] INFO : in this functio we are verifying the myaccounts page opened or not
2025-04-03 21:01:55 [main] ERROR: test scenario failed:Login to application using valid username and Password
2025-04-03 21:01:55 [main] INFO : in this function we are getting webdriver
2025-04-03 21:01:55 [main] INFO : in this function we are getting webdriver
2025-04-03 21:01:55 [main] INFO : In this we are quiting webdriver
2025-04-03 21:24:24 [main] INFO : Base class initiated
2025-04-03 21:24:24 [main] INFO : in this function we are getting webdriver
2025-04-03 21:24:24 [main] INFO : in this function we are initiating webdriver
2025-04-03 21:24:25 [main] INFO : in this function we are getting webdriver
2025-04-03 21:24:27 [main] INFO : open cart application launched successfully
2025-04-03 21:24:27 [main] INFO : i am able to  click on login button
2025-04-03 21:24:27 [main] INFO : i am able to enter email
2025-04-03 21:24:27 [main] INFO :  i am able to enter password
2025-04-03 21:24:28 [main] INFO : we are verifying login is sucess or not
2025-04-03 21:24:28 [main] INFO : in this functio we are verifying the myaccounts page opened or not
2025-04-03 21:24:38 [main] ERROR: test scenario failed:Login to application using valid username and Password
2025-04-03 21:24:38 [main] INFO : in this function we are getting webdriver
2025-04-03 21:24:38 [main] INFO : in this function we are getting webdriver
2025-04-03 21:24:39 [main] INFO : In this we are quiting webdriver
2025-04-03 23:15:44 [main] INFO : Base class initiated
2025-04-03 23:15:44 [main] INFO : in this function we are getting webdriver
2025-04-03 23:15:44 [main] INFO : in this function we are initiating webdriver
2025-04-03 23:15:45 [main] INFO : in this function we are getting webdriver
2025-04-03 23:15:47 [main] INFO : open cart application launched successfully
2025-04-03 23:15:47 [main] INFO : i am able to  click on login button
2025-04-03 23:15:47 [main] INFO : i am able to enter email
2025-04-03 23:15:48 [main] INFO :  i am able to enter password
2025-04-03 23:15:48 [main] INFO : we are verifying login is sucess or not
2025-04-03 23:15:48 [main] INFO : in this functio we are verifying the myaccounts page opened or not
2025-04-03 23:15:58 [main] ERROR: test scenario failed:Login to application using valid username and Password
2025-04-03 23:15:58 [main] INFO : in this function we are getting webdriver
