2025-04-07 15:31:51 [main] INFO : i am able to  click on login button
2025-04-07 15:31:51 [main] INFO : Scenario is passed:User login with different credentials
2025-04-07 15:31:51 [main] INFO : In this we are quiting webdriver
2025-04-07 15:31:52 [main] INFO : Base class initiated
2025-04-07 15:31:52 [main] INFO : in this function we are getting webdriver
2025-04-07 15:31:52 [main] INFO : in this function we are initiating webdriver
2025-04-07 15:31:54 [main] INFO : in this function we are getting webdriver
2025-04-07 15:31:55 [main] INFO : open cart application launched successfully
2025-04-07 15:31:55 [main] INFO : i am able to  click on login button
2025-04-07 15:31:55 [main] INFO : Scenario is passed:User login with different credentials
2025-04-07 15:31:55 [main] INFO : In this we are quiting webdriver
2025-04-07 15:34:29 [main] INFO : Base class initiated
2025-04-07 15:34:29 [main] INFO : in this function we are getting webdriver
2025-04-07 15:34:29 [main] INFO : in this function we are initiating webdriver
2025-04-07 15:34:30 [main] INFO : in this function we are getting webdriver
2025-04-07 15:34:31 [main] INFO : open cart application launched successfully
2025-04-07 15:34:32 [main] INFO : i am able to  click on login button
2025-04-07 15:34:32 [main] INFO : Scenario is passed:User login with different credentials
2025-04-07 15:34:32 [main] INFO : In this we are quiting webdriver
2025-04-07 15:34:32 [main] INFO : Base class initiated
2025-04-07 15:34:32 [main] INFO : in this function we are getting webdriver
2025-04-07 15:34:32 [main] INFO : in this function we are initiating webdriver
2025-04-07 15:34:33 [main] INFO : in this function we are getting webdriver
2025-04-07 15:34:35 [main] INFO : open cart application launched successfully
2025-04-07 15:34:35 [main] INFO : i am able to  click on login button
2025-04-07 15:34:35 [main] INFO : Scenario is passed:User login with different credentials
2025-04-07 15:34:35 [main] INFO : In this we are quiting webdriver
2025-04-07 15:34:35 [main] INFO : Base class initiated
2025-04-07 15:34:35 [main] INFO : in this function we are getting webdriver
2025-04-07 15:34:35 [main] INFO : in this function we are initiating webdriver
2025-04-07 15:34:36 [main] INFO : in this function we are getting webdriver
2025-04-07 15:34:38 [main] INFO : open cart application launched successfully
2025-04-07 15:34:38 [main] INFO : i am able to  click on login button
2025-04-07 15:34:38 [main] INFO : Scenario is passed:User login with different credentials
2025-04-07 15:34:38 [main] INFO : In this we are quiting webdriver
2025-04-07 15:41:58 [main] INFO : Base class initiated
2025-04-07 15:41:58 [main] INFO : in this function we are getting webdriver
2025-04-07 15:41:58 [main] INFO : in this function we are initiating webdriver
2025-04-07 15:42:00 [main] INFO : in this function we are getting webdriver
2025-04-07 15:42:01 [main] INFO : open cart application launched successfully
2025-04-07 15:42:02 [main] INFO : i am able to  click on login button
2025-04-07 15:42:02 [main] INFO : Scenario is passed:User login with different credentials
2025-04-07 15:42:02 [main] INFO : In this we are quiting webdriver
2025-04-07 15:42:02 [main] INFO : Base class initiated
2025-04-07 15:42:02 [main] INFO : in this function we are getting webdriver
2025-04-07 15:42:02 [main] INFO : in this function we are initiating webdriver
2025-04-07 15:42:03 [main] INFO : in this function we are getting webdriver
2025-04-07 15:42:04 [main] INFO : open cart application launched successfully
2025-04-07 15:42:05 [main] INFO : i am able to  click on login button
2025-04-07 15:42:05 [main] INFO : Scenario is passed:User login with different credentials
2025-04-07 15:42:05 [main] INFO : In this we are quiting webdriver
2025-04-07 15:42:05 [main] INFO : Base class initiated
2025-04-07 15:42:05 [main] INFO : in this function we are getting webdriver
2025-04-07 15:42:05 [main] INFO : in this function we are initiating webdriver
2025-04-07 15:42:06 [main] INFO : in this function we are getting webdriver
