2025-04-07 15:28:28 [main] INFO : in this function we are initiating webdriver
2025-04-07 15:28:30 [main] INFO : in this function we are getting webdriver
2025-04-07 15:28:32 [main] INFO : open cart application launched successfully
2025-04-07 15:28:32 [main] INFO : i am able to  click on login button
2025-04-07 15:28:32 [main] INFO : Scenario is passed:User login with different credentials
2025-04-07 15:28:32 [main] INFO : In this we are quiting webdriver
2025-04-07 15:28:32 [main] INFO : Base class initiated
2025-04-07 15:28:32 [main] INFO : in this function we are getting webdriver
2025-04-07 15:28:32 [main] INFO : in this function we are initiating webdriver
2025-04-07 15:28:33 [main] INFO : in this function we are getting webdriver
2025-04-07 15:28:35 [main] INFO : open cart application launched successfully
2025-04-07 15:28:36 [main] INFO : i am able to  click on login button
2025-04-07 15:28:36 [main] INFO : Scenario is passed:User login with different credentials
2025-04-07 15:28:36 [main] INFO : In this we are quiting webdriver
2025-04-07 15:29:00 [main] INFO : Base class initiated
2025-04-07 15:29:00 [main] INFO : in this function we are getting webdriver
2025-04-07 15:29:00 [main] INFO : in this function we are initiating webdriver
2025-04-07 15:29:01 [main] INFO : in this function we are getting webdriver
2025-04-07 15:29:03 [main] INFO : open cart application launched successfully
2025-04-07 15:29:03 [main] INFO : i am able to  click on login button
2025-04-07 15:29:03 [main] INFO : Scenario is passed:User login with different credentials
2025-04-07 15:29:03 [main] INFO : In this we are quiting webdriver
2025-04-07 15:29:03 [main] INFO : Base class initiated
2025-04-07 15:29:03 [main] INFO : in this function we are getting webdriver
2025-04-07 15:29:03 [main] INFO : in this function we are initiating webdriver
2025-04-07 15:29:04 [main] INFO : in this function we are getting webdriver
2025-04-07 15:29:06 [main] INFO : open cart application launched successfully
2025-04-07 15:29:07 [main] INFO : i am able to  click on login button
2025-04-07 15:29:07 [main] INFO : Scenario is passed:User login with different credentials
2025-04-07 15:29:07 [main] INFO : In this we are quiting webdriver
2025-04-07 15:29:07 [main] INFO : Base class initiated
2025-04-07 15:29:07 [main] INFO : in this function we are getting webdriver
2025-04-07 15:29:07 [main] INFO : in this function we are initiating webdriver
2025-04-07 15:29:08 [main] INFO : in this function we are getting webdriver
2025-04-07 15:29:09 [main] INFO : open cart application launched successfully
2025-04-07 15:29:10 [main] INFO : i am able to  click on login button
2025-04-07 15:29:10 [main] INFO : Scenario is passed:User login with different credentials
2025-04-07 15:29:10 [main] INFO : In this we are quiting webdriver
2025-04-07 15:29:19 [main] INFO : Base class initiated
2025-04-07 15:29:19 [main] INFO : in this function we are getting webdriver
2025-04-07 15:29:19 [main] INFO : in this function we are initiating webdriver
2025-04-07 15:29:20 [main] INFO : in this function we are getting webdriver
2025-04-07 15:31:44 [main] INFO : Base class initiated
2025-04-07 15:31:44 [main] INFO : in this function we are getting webdriver
2025-04-07 15:31:44 [main] INFO : in this function we are initiating webdriver
2025-04-07 15:31:46 [main] INFO : in this function we are getting webdriver
2025-04-07 15:31:48 [main] INFO : open cart application launched successfully
2025-04-07 15:31:48 [main] INFO : i am able to  click on login button
2025-04-07 15:31:48 [main] INFO : Scenario is passed:User login with different credentials
2025-04-07 15:31:48 [main] INFO : In this we are quiting webdriver
2025-04-07 15:31:48 [main] INFO : Base class initiated
2025-04-07 15:31:48 [main] INFO : in this function we are getting webdriver
2025-04-07 15:31:48 [main] INFO : in this function we are initiating webdriver
2025-04-07 15:31:49 [main] INFO : in this function we are getting webdriver
2025-04-07 15:31:51 [main] INFO : open cart application launched successfully
