2025-04-07 15:16:07 [main] INFO : in this function we are getting webdriver
2025-04-07 15:16:08 [main] INFO : open cart application launched successfully
2025-04-07 15:16:09 [main] INFO : i am able to  click on login button
2025-04-07 15:16:09 [main] INFO : Scenario is passed:User login with different credentials
2025-04-07 15:16:09 [main] INFO : In this we are quiting webdriver
2025-04-07 15:16:09 [main] INFO : Base class initiated
2025-04-07 15:16:09 [main] INFO : in this function we are getting webdriver
2025-04-07 15:16:09 [main] INFO : in this function we are initiating webdriver
2025-04-07 15:16:10 [main] INFO : in this function we are getting webdriver
2025-04-07 15:16:12 [main] INFO : open cart application launched successfully
2025-04-07 15:16:12 [main] INFO : i am able to  click on login button
2025-04-07 15:16:12 [main] INFO : Scenario is passed:User login with different credentials
2025-04-07 15:16:12 [main] INFO : In this we are quiting webdriver
2025-04-07 15:16:13 [main] INFO : Base class initiated
2025-04-07 15:16:13 [main] INFO : in this function we are getting webdriver
2025-04-07 15:16:13 [main] INFO : in this function we are initiating webdriver
2025-04-07 15:16:14 [main] INFO : in this function we are getting webdriver
2025-04-07 15:16:16 [main] INFO : open cart application launched successfully
2025-04-07 15:16:16 [main] INFO : i am able to  click on login button
2025-04-07 15:16:16 [main] INFO : Scenario is passed:User login with different credentials
2025-04-07 15:16:16 [main] INFO : In this we are quiting webdriver
2025-04-07 15:20:06 [main] INFO : Base class initiated
2025-04-07 15:20:06 [main] INFO : in this function we are getting webdriver
2025-04-07 15:20:06 [main] INFO : in this function we are initiating webdriver
2025-04-07 15:20:07 [main] INFO : in this function we are getting webdriver
2025-04-07 15:20:09 [main] INFO : open cart application launched successfully
2025-04-07 15:20:10 [main] INFO : i am able to  click on login button
2025-04-07 15:20:10 [main] INFO : Scenario is passed:User login with different credentials
2025-04-07 15:20:10 [main] INFO : In this we are quiting webdriver
2025-04-07 15:20:10 [main] INFO : Base class initiated
2025-04-07 15:20:10 [main] INFO : in this function we are getting webdriver
2025-04-07 15:20:10 [main] INFO : in this function we are initiating webdriver
2025-04-07 15:20:11 [main] INFO : in this function we are getting webdriver
2025-04-07 15:20:13 [main] INFO : open cart application launched successfully
2025-04-07 15:20:13 [main] INFO : i am able to  click on login button
2025-04-07 15:20:13 [main] INFO : Scenario is passed:User login with different credentials
2025-04-07 15:20:13 [main] INFO : In this we are quiting webdriver
2025-04-07 15:20:13 [main] INFO : Base class initiated
2025-04-07 15:20:13 [main] INFO : in this function we are getting webdriver
2025-04-07 15:20:13 [main] INFO : in this function we are initiating webdriver
2025-04-07 15:20:14 [main] INFO : in this function we are getting webdriver
2025-04-07 15:20:16 [main] INFO : open cart application launched successfully
2025-04-07 15:20:16 [main] INFO : i am able to  click on login button
2025-04-07 15:20:16 [main] INFO : Scenario is passed:User login with different credentials
2025-04-07 15:20:16 [main] INFO : In this we are quiting webdriver
2025-04-07 15:28:25 [main] INFO : Base class initiated
2025-04-07 15:28:25 [main] INFO : in this function we are getting webdriver
2025-04-07 15:28:25 [main] INFO : in this function we are initiating webdriver
2025-04-07 15:28:26 [main] INFO : in this function we are getting webdriver
2025-04-07 15:28:28 [main] INFO : open cart application launched successfully
2025-04-07 15:28:28 [main] INFO : i am able to  click on login button
2025-04-07 15:28:28 [main] INFO : Scenario is passed:User login with different credentials
2025-04-07 15:28:28 [main] INFO : In this we are quiting webdriver
2025-04-07 15:28:28 [main] INFO : Base class initiated
2025-04-07 15:28:28 [main] INFO : in this function we are getting webdriver
