2025-04-07 15:44:22 [main] INFO : In this we are quiting webdriver
2025-04-07 15:46:10 [main] INFO : Base class initiated
2025-04-07 15:46:10 [main] INFO : in this function we are getting webdriver
2025-04-07 15:46:10 [main] INFO : in this function we are initiating webdriver
2025-04-07 15:46:11 [main] INFO : in this function we are getting webdriver
2025-04-07 15:46:13 [main] INFO : open cart application launched successfully
2025-04-07 15:46:13 [main] INFO : i am able to  click on login button
2025-04-07 15:46:13 [main] INFO : Scenario is passed:User login with different credentials
2025-04-07 15:46:13 [main] INFO : In this we are quiting webdriver
2025-04-07 15:46:14 [main] INFO : Base class initiated
2025-04-07 15:46:14 [main] INFO : in this function we are getting webdriver
2025-04-07 15:46:14 [main] INFO : in this function we are initiating webdriver
2025-04-07 15:46:14 [main] INFO : in this function we are getting webdriver
2025-04-07 15:46:15 [main] INFO : open cart application launched successfully
2025-04-07 15:46:15 [main] INFO : i am able to  click on login button
2025-04-07 15:46:16 [main] INFO : Scenario is passed:User login with different credentials
2025-04-07 15:46:16 [main] INFO : In this we are quiting webdriver
2025-04-07 15:46:16 [main] INFO : Base class initiated
2025-04-07 15:46:16 [main] INFO : in this function we are getting webdriver
2025-04-07 15:46:16 [main] INFO : in this function we are initiating webdriver
2025-04-07 15:46:17 [main] INFO : in this function we are getting webdriver
2025-04-07 15:46:18 [main] INFO : open cart application launched successfully
2025-04-07 15:46:19 [main] INFO : i am able to  click on login button
2025-04-07 15:46:19 [main] INFO : Scenario is passed:User login with different credentials
2025-04-07 15:46:19 [main] INFO : In this we are quiting webdriver
2025-04-07 15:53:27 [main] INFO : Base class initiated
2025-04-07 15:53:27 [main] INFO : in this function we are getting webdriver
2025-04-07 15:53:27 [main] INFO : in this function we are initiating webdriver
2025-04-07 15:53:29 [main] INFO : in this function we are getting webdriver
2025-04-07 15:53:30 [main] INFO : open cart application launched successfully
2025-04-07 15:53:31 [main] INFO : i am able to  click on login button
2025-04-07 15:53:31 [main] INFO : Scenario is passed:User login with different credentials
2025-04-07 15:53:31 [main] INFO : In this we are quiting webdriver
2025-04-07 16:05:20 [main] INFO : Base class initiated
2025-04-07 16:05:20 [main] INFO : in this function we are getting webdriver
2025-04-07 16:05:20 [main] INFO : in this function we are initiating webdriver
2025-04-07 16:05:22 [main] INFO : in this function we are getting webdriver
2025-04-07 16:05:23 [main] INFO : open cart application launched successfully
2025-04-07 16:05:24 [main] INFO : i am able to  click on login button
2025-04-07 16:05:24 [main] INFO : Scenario is passed:User login with different credentials
2025-04-07 16:05:24 [main] INFO : In this we are quiting webdriver
2025-04-07 16:05:24 [main] INFO : Base class initiated
2025-04-07 16:05:24 [main] INFO : in this function we are getting webdriver
2025-04-07 16:05:24 [main] INFO : in this function we are initiating webdriver
2025-04-07 16:05:25 [main] INFO : in this function we are getting webdriver
2025-04-07 16:05:26 [main] INFO : open cart application launched successfully
2025-04-07 16:05:26 [main] INFO : i am able to  click on login button
2025-04-07 16:05:26 [main] INFO : Scenario is passed:User login with different credentials
2025-04-07 16:05:26 [main] INFO : In this we are quiting webdriver
2025-04-07 16:05:26 [main] INFO : Base class initiated
2025-04-07 16:05:26 [main] INFO : in this function we are getting webdriver
2025-04-07 16:05:26 [main] INFO : in this function we are initiating webdriver
2025-04-07 16:05:27 [main] INFO : in this function we are getting webdriver
2025-04-07 16:05:29 [main] INFO : open cart application launched successfully
2025-04-07 16:05:29 [main] INFO : i am able to  click on login button
