2025-04-05 12:35:18 [main] INFO : [TestNG] Running:
  C:\Users\admin\IdeaProjects\CucumberFramework\testng.xml

2025-04-05 12:35:19 [TestNG-PoolService-1] INFO : Base class initiated
2025-04-05 12:35:19 [TestNG-PoolService-1] INFO : in this function we are getting webdriver
2025-04-05 12:35:19 [TestNG-PoolService-1] INFO : in this function we are initiating webdriver
2025-04-05 12:35:21 [TestNG-PoolService-1] INFO : in this function we are getting webdriver
2025-04-05 12:35:23 [TestNG-PoolService-1] INFO : open cart application launched successfully
2025-04-05 12:35:23 [TestNG-PoolService-1] INFO : i am able to  click on login button
2025-04-05 12:35:23 [TestNG-PoolService-1] INFO : i am able to enter email
2025-04-05 12:35:23 [TestNG-PoolService-1] ERROR: test scenario failed:Login to application using valid username and Password
2025-04-05 12:35:23 [TestNG-PoolService-1] INFO : in this function we are getting webdriver
2025-04-05 12:35:23 [TestNG-PoolService-1] INFO : in this function we are getting webdriver
2025-04-05 12:35:23 [TestNG-PoolService-1] INFO : In this we are quiting webdriver
2025-04-05 12:36:39 [main] INFO : [TestNG] Running:
  C:\Users\admin\IdeaProjects\CucumberFramework\testng.xml

2025-04-05 12:36:40 [TestNG-PoolService-1] INFO : Base class initiated
2025-04-05 12:36:40 [TestNG-PoolService-1] INFO : in this function we are getting webdriver
2025-04-05 12:36:40 [TestNG-PoolService-1] INFO : in this function we are initiating webdriver
2025-04-05 12:36:41 [TestNG-PoolService-1] INFO : in this function we are getting webdriver
2025-04-05 12:36:42 [TestNG-PoolService-1] INFO : open cart application launched successfully
2025-04-05 12:36:42 [TestNG-PoolService-1] INFO : i am able to  click on login button
2025-04-05 12:36:42 [TestNG-PoolService-1] INFO : i am able to enter email
2025-04-05 12:36:42 [TestNG-PoolService-1] ERROR: test scenario failed:Login to application using valid username and Password
2025-04-05 12:36:42 [TestNG-PoolService-1] INFO : in this function we are getting webdriver
2025-04-05 12:36:43 [TestNG-PoolService-1] INFO : in this function we are getting webdriver
2025-04-05 12:36:43 [TestNG-PoolService-1] INFO : In this we are quiting webdriver
2025-04-05 22:04:25 [TestNG-PoolService-1] INFO : Base class initiated
2025-04-05 22:04:25 [TestNG-PoolService-1] INFO : in this function we are getting webdriver
2025-04-05 22:04:25 [TestNG-PoolService-1] INFO : in this function we are initiating webdriver
2025-04-05 22:04:27 [TestNG-PoolService-1] INFO : in this function we are getting webdriver
2025-04-05 22:04:28 [TestNG-PoolService-1] INFO : open cart application launched successfully
2025-04-05 22:04:28 [TestNG-PoolService-1] INFO : i am able to  click on login button
2025-04-05 22:04:29 [TestNG-PoolService-1] INFO : i am able to enter email
2025-04-05 22:04:29 [TestNG-PoolService-1] ERROR: test scenario failed:Login to application using valid username and Password
2025-04-05 22:04:29 [TestNG-PoolService-1] INFO : in this function we are getting webdriver
2025-04-05 22:04:29 [TestNG-PoolService-1] INFO : in this function we are getting webdriver
2025-04-05 22:04:29 [TestNG-PoolService-1] INFO : In this we are quiting webdriver
2025-04-05 22:16:54 [main] INFO : [TestNG] Running:
  C:\Users\admin\AppData\Local\JetBrains\IdeaIC2024.2\temp-testng-customsuite.xml

2025-04-05 22:16:55 [TestNG-PoolService-1] INFO : Base class initiated
2025-04-05 22:16:55 [TestNG-PoolService-1] INFO : in this function we are getting webdriver
2025-04-05 22:16:55 [TestNG-PoolService-1] INFO : in this function we are initiating webdriver
2025-04-05 22:16:56 [TestNG-PoolService-1] INFO : in this function we are getting webdriver
2025-04-05 22:16:58 [TestNG-PoolService-1] INFO : open cart application launched successfully
2025-04-05 22:16:58 [TestNG-PoolService-1] INFO : i am able to  click on login button
2025-04-05 22:16:59 [TestNG-PoolService-1] INFO : i am able to enter email
2025-04-05 22:16:59 [TestNG-PoolService-1] ERROR: test scenario failed:Login to application using valid username and Password
