2025-04-03 23:15:58 [main] INFO : in this function we are getting webdriver
2025-04-03 23:15:58 [main] INFO : In this we are quiting webdriver
2025-04-03 23:22:21 [main] INFO : Base class initiated
2025-04-03 23:22:21 [main] INFO : in this function we are getting webdriver
2025-04-03 23:22:21 [main] INFO : in this function we are initiating webdriver
2025-04-03 23:22:22 [main] INFO : in this function we are getting webdriver
2025-04-03 23:22:24 [main] INFO : open cart application launched successfully
2025-04-03 23:22:24 [main] INFO : i am able to  click on login button
2025-04-03 23:22:24 [main] INFO : i am able to enter email
2025-04-03 23:22:24 [main] INFO :  i am able to enter password
2025-04-03 23:22:24 [main] INFO : we are verifying login is sucess or not
2025-04-03 23:22:24 [main] INFO : in this functio we are verifying the myaccounts page opened or not
2025-04-03 23:22:35 [main] ERROR: test scenario failed:Login to application using valid username and Password
2025-04-03 23:22:35 [main] INFO : in this function we are getting webdriver
2025-04-03 23:22:35 [main] INFO : in this function we are getting webdriver
2025-04-03 23:22:35 [main] INFO : In this we are quiting webdriver
2025-04-03 23:28:48 [main] INFO : Base class initiated
2025-04-03 23:28:48 [main] INFO : in this function we are getting webdriver
2025-04-03 23:28:48 [main] INFO : in this function we are initiating webdriver
2025-04-03 23:28:49 [main] INFO : in this function we are getting webdriver
2025-04-03 23:28:51 [main] INFO : open cart application launched successfully
2025-04-03 23:28:51 [main] INFO : i am able to  click on login button
2025-04-03 23:28:51 [main] INFO : i am able to enter email
2025-04-03 23:28:51 [main] INFO :  i am able to enter password
2025-04-03 23:28:51 [main] INFO : we are verifying login is sucess or not
2025-04-03 23:28:51 [main] INFO : in this functio we are verifying the myaccounts page opened or not
2025-04-03 23:29:02 [main] ERROR: test scenario failed:Login to application using valid username and Password
2025-04-03 23:29:02 [main] INFO : in this function we are getting webdriver
2025-04-03 23:29:02 [main] INFO : in this function we are getting webdriver
2025-04-03 23:29:02 [main] INFO : In this we are quiting webdriver
2025-04-03 23:34:26 [main] INFO : Base class initiated
2025-04-03 23:34:26 [main] INFO : in this function we are getting webdriver
2025-04-03 23:34:26 [main] INFO : in this function we are initiating webdriver
2025-04-03 23:34:28 [main] INFO : in this function we are getting webdriver
2025-04-03 23:34:29 [main] INFO : open cart application launched successfully
2025-04-03 23:34:29 [main] INFO : i am able to  click on login button
2025-04-03 23:34:29 [main] INFO : i am able to enter email
2025-04-03 23:34:29 [main] INFO :  i am able to enter password
2025-04-03 23:34:29 [main] INFO : we are verifying login is sucess or not
2025-04-03 23:34:29 [main] INFO : in this functio we are verifying the myaccounts page opened or not
2025-04-03 23:34:39 [main] ERROR: test scenario failed:Login to application using valid username and Password
2025-04-03 23:34:39 [main] INFO : in this function we are getting webdriver
2025-04-03 23:34:39 [main] INFO : in this function we are getting webdriver
2025-04-03 23:34:40 [main] INFO : In this we are quiting webdriver
2025-04-03 23:36:42 [main] INFO : Base class initiated
2025-04-03 23:36:42 [main] INFO : in this function we are getting webdriver
2025-04-03 23:36:42 [main] INFO : in this function we are initiating webdriver
2025-04-03 23:36:44 [main] INFO : in this function we are getting webdriver
2025-04-03 23:36:45 [main] INFO : open cart application launched successfully
2025-04-03 23:36:46 [main] INFO : i am able to  click on login button
2025-04-03 23:36:46 [main] INFO : i am able to enter email
2025-04-03 23:36:46 [main] INFO :  i am able to enter password
2025-04-03 23:36:46 [main] INFO : we are verifying login is sucess or not
2025-04-03 23:36:46 [main] INFO : in this functio we are verifying the myaccounts page opened or not
