2025-04-07 15:42:08 [main] INFO : open cart application launched successfully
2025-04-07 15:42:08 [main] INFO : i am able to  click on login button
2025-04-07 15:42:08 [main] INFO : Scenario is passed:User login with different credentials
2025-04-07 15:42:08 [main] INFO : In this we are quiting webdriver
2025-04-07 15:43:09 [main] INFO : Base class initiated
2025-04-07 15:43:09 [main] INFO : in this function we are getting webdriver
2025-04-07 15:43:09 [main] INFO : in this function we are initiating webdriver
2025-04-07 15:43:11 [main] INFO : in this function we are getting webdriver
2025-04-07 15:43:26 [main] INFO : Base class initiated
2025-04-07 15:43:26 [main] INFO : in this function we are getting webdriver
2025-04-07 15:43:26 [main] INFO : in this function we are initiating webdriver
2025-04-07 15:43:28 [main] INFO : in this function we are getting webdriver
2025-04-07 15:43:29 [main] INFO : open cart application launched successfully
2025-04-07 15:43:29 [main] INFO : i am able to  click on login button
2025-04-07 15:43:29 [main] INFO : Scenario is passed:User login with different credentials
2025-04-07 15:43:29 [main] INFO : In this we are quiting webdriver
2025-04-07 15:43:30 [main] INFO : Base class initiated
2025-04-07 15:43:30 [main] INFO : in this function we are getting webdriver
2025-04-07 15:43:30 [main] INFO : in this function we are initiating webdriver
2025-04-07 15:43:31 [main] INFO : in this function we are getting webdriver
2025-04-07 15:43:33 [main] INFO : open cart application launched successfully
2025-04-07 15:43:34 [main] INFO : i am able to  click on login button
2025-04-07 15:43:34 [main] INFO : Scenario is passed:User login with different credentials
2025-04-07 15:43:34 [main] INFO : In this we are quiting webdriver
2025-04-07 15:43:34 [main] INFO : Base class initiated
2025-04-07 15:43:34 [main] INFO : in this function we are getting webdriver
2025-04-07 15:43:34 [main] INFO : in this function we are initiating webdriver
2025-04-07 15:43:35 [main] INFO : in this function we are getting webdriver
2025-04-07 15:43:35 [main] INFO : open cart application launched successfully
2025-04-07 15:43:36 [main] INFO : i am able to  click on login button
2025-04-07 15:43:36 [main] INFO : Scenario is passed:User login with different credentials
2025-04-07 15:43:36 [main] INFO : In this we are quiting webdriver
2025-04-07 15:44:13 [main] INFO : Base class initiated
2025-04-07 15:44:13 [main] INFO : in this function we are getting webdriver
2025-04-07 15:44:13 [main] INFO : in this function we are initiating webdriver
2025-04-07 15:44:14 [main] INFO : in this function we are getting webdriver
2025-04-07 15:44:16 [main] INFO : open cart application launched successfully
2025-04-07 15:44:16 [main] INFO : i am able to  click on login button
2025-04-07 15:44:16 [main] INFO : Scenario is passed:User login with different credentials
2025-04-07 15:44:16 [main] INFO : In this we are quiting webdriver
2025-04-07 15:44:17 [main] INFO : Base class initiated
2025-04-07 15:44:17 [main] INFO : in this function we are getting webdriver
2025-04-07 15:44:17 [main] INFO : in this function we are initiating webdriver
2025-04-07 15:44:18 [main] INFO : in this function we are getting webdriver
2025-04-07 15:44:19 [main] INFO : open cart application launched successfully
2025-04-07 15:44:20 [main] INFO : i am able to  click on login button
2025-04-07 15:44:20 [main] INFO : Scenario is passed:User login with different credentials
2025-04-07 15:44:20 [main] INFO : In this we are quiting webdriver
2025-04-07 15:44:20 [main] INFO : Base class initiated
2025-04-07 15:44:20 [main] INFO : in this function we are getting webdriver
2025-04-07 15:44:20 [main] INFO : in this function we are initiating webdriver
2025-04-07 15:44:21 [main] INFO : in this function we are getting webdriver
2025-04-07 15:44:22 [main] INFO : open cart application launched successfully
2025-04-07 15:44:22 [main] INFO : i am able to  click on login button
2025-04-07 15:44:22 [main] INFO : Scenario is passed:User login with different credentials
