2025-04-06 02:15:37 [main] INFO : in this function we are getting webdriver
2025-04-06 02:15:37 [main] INFO : in this function we are getting webdriver
2025-04-06 02:15:37 [main] INFO : In this we are quiting webdriver
2025-04-06 02:18:41 [main] INFO : [TestNG] Running:
  C:\Users\admin\AppData\Local\JetBrains\IdeaIC2024.2\temp-testng-customsuite.xml

2025-04-06 02:18:42 [main] INFO : Base class initiated
2025-04-06 02:18:42 [main] INFO : in this function we are getting webdriver
2025-04-06 02:18:42 [main] INFO : in this function we are initiating webdriver
2025-04-06 02:18:44 [main] INFO : in this function we are getting webdriver
2025-04-06 02:18:45 [main] INFO : open cart application launched successfully
2025-04-06 02:18:45 [main] INFO : i am able to  click on login button
2025-04-06 02:18:45 [main] INFO : i am able to enter email
2025-04-06 02:18:45 [main] ERROR: test scenario failed:Login to application using valid username and Password 1
2025-04-06 02:18:45 [main] INFO : in this function we are getting webdriver
2025-04-06 02:18:45 [main] INFO : in this function we are getting webdriver
2025-04-06 02:18:46 [main] INFO : In this we are quiting webdriver
2025-04-06 02:18:46 [main] INFO : Base class initiated
2025-04-06 02:18:46 [main] INFO : in this function we are getting webdriver
2025-04-06 02:18:46 [main] INFO : in this function we are initiating webdriver
2025-04-06 02:18:47 [main] INFO : in this function we are getting webdriver
2025-04-06 02:18:49 [main] INFO : open cart application launched successfully
2025-04-06 02:18:49 [main] INFO : i am able to  click on login button
2025-04-06 02:18:49 [main] INFO : i am able to enter email
2025-04-06 02:18:49 [main] ERROR: test scenario failed:Login to application using valid username and Password 2
2025-04-06 02:18:49 [main] INFO : in this function we are getting webdriver
2025-04-06 02:18:49 [main] INFO : in this function we are getting webdriver
2025-04-06 02:18:50 [main] INFO : In this we are quiting webdriver
